{"/Users/katia/Documents/chingu/V54-tier3-team-36/client/src/components/ui/button/button.jsx": {"path":"/Users/katia/Documents/chingu/V54-tier3-team-36/client/src/components/ui/button/button.jsx","statementMap":{"0":{"start":{"line":6,"column":23},"end":{"line":34,"column":1}},"1":{"start":{"line":36,"column":15},"end":{"line":44,"column":2}},"2":{"start":{"line":37,"column":17},"end":{"line":37,"column":42}},"3":{"start":{"line":38,"column":4},"end":{"line":43,"column":6}},"4":{"start":{"line":45,"column":0},"end":{"line":45,"column":29}}},"fnMap":{"0":{"name":"(anonymous_0)","decl":{"start":{"line":36,"column":32},"end":{"line":36,"column":33}},"loc":{"start":{"line":36,"column":98},"end":{"line":44,"column":1}},"line":36}},"branchMap":{"0":{"loc":{"start":{"line":36,"column":61},"end":{"line":36,"column":76}},"type":"default-arg","locations":[{"start":{"line":36,"column":71},"end":{"line":36,"column":76}}],"line":36},"1":{"loc":{"start":{"line":37,"column":17},"end":{"line":37,"column":42}},"type":"cond-expr","locations":[{"start":{"line":37,"column":27},"end":{"line":37,"column":31}},{"start":{"line":37,"column":34},"end":{"line":37,"column":42}}],"line":37}},"s":{"0":1,"1":1,"2":4,"3":4,"4":1},"f":{"0":4},"b":{"0":[4],"1":[0,4]},"_coverageSchema":"1a1c01bbd47fc00a2c39e90264f33305004495a9","hash":"4f58f9f51c17d1c69a1851ff285ecf18657546c8"}
,"/Users/katia/Documents/chingu/V54-tier3-team-36/client/src/components/ui/checkbox/checkbox.jsx": {"path":"/Users/katia/Documents/chingu/V54-tier3-team-36/client/src/components/ui/checkbox/checkbox.jsx","statementMap":{"0":{"start":{"line":6,"column":17},"end":{"line":18,"column":2}},"1":{"start":{"line":7,"column":4},"end":{"line":17,"column":29}},"2":{"start":{"line":19,"column":0},"end":{"line":19,"column":57}}},"fnMap":{"0":{"name":"(anonymous_0)","decl":{"start":{"line":6,"column":34},"end":{"line":6,"column":35}},"loc":{"start":{"line":7,"column":4},"end":{"line":17,"column":29}},"line":7}},"branchMap":{},"s":{"0":1,"1":2,"2":1},"f":{"0":2},"b":{},"_coverageSchema":"1a1c01bbd47fc00a2c39e90264f33305004495a9","hash":"0dcbda0df5b447440edc3570d424edc0c934ff44"}
,"/Users/katia/Documents/chingu/V54-tier3-team-36/client/src/components/ui/form/form.jsx": {"path":"/Users/katia/Documents/chingu/V54-tier3-team-36/client/src/components/ui/form/form.jsx","statementMap":{"0":{"start":{"line":7,"column":13},"end":{"line":7,"column":25}},"1":{"start":{"line":9,"column":25},"end":{"line":9,"column":48}},"2":{"start":{"line":11,"column":18},"end":{"line":21,"column":1}},"3":{"start":{"line":16,"column":2},"end":{"line":20,"column":4}},"4":{"start":{"line":23,"column":21},"end":{"line":44,"column":1}},"5":{"start":{"line":24,"column":23},"end":{"line":24,"column":57}},"6":{"start":{"line":25,"column":22},"end":{"line":25,"column":55}},"7":{"start":{"line":26,"column":39},"end":{"line":26,"column":55}},"8":{"start":{"line":28,"column":21},"end":{"line":28,"column":64}},"9":{"start":{"line":30,"column":2},"end":{"line":32,"column":3}},"10":{"start":{"line":31,"column":4},"end":{"line":31,"column":69}},"11":{"start":{"line":34,"column":17},"end":{"line":34,"column":28}},"12":{"start":{"line":36,"column":2},"end":{"line":43,"column":3}},"13":{"start":{"line":46,"column":24},"end":{"line":46,"column":47}},"14":{"start":{"line":48,"column":17},"end":{"line":56,"column":2}},"15":{"start":{"line":49,"column":13},"end":{"line":49,"column":26}},"16":{"start":{"line":51,"column":2},"end":{"line":55,"column":4}},"17":{"start":{"line":57,"column":0},"end":{"line":57,"column":33}},"18":{"start":{"line":59,"column":18},"end":{"line":69,"column":2}},"19":{"start":{"line":60,"column":32},"end":{"line":60,"column":46}},"20":{"start":{"line":62,"column":2},"end":{"line":68,"column":4}},"21":{"start":{"line":70,"column":0},"end":{"line":70,"column":35}},"22":{"start":{"line":72,"column":20},"end":{"line":87,"column":2}},"23":{"start":{"line":73,"column":66},"end":{"line":73,"column":80}},"24":{"start":{"line":75,"column":2},"end":{"line":86,"column":4}},"25":{"start":{"line":88,"column":0},"end":{"line":88,"column":39}},"26":{"start":{"line":90,"column":24},"end":{"line":100,"column":2}},"27":{"start":{"line":91,"column":32},"end":{"line":91,"column":46}},"28":{"start":{"line":93,"column":2},"end":{"line":99,"column":4}},"29":{"start":{"line":101,"column":0},"end":{"line":101,"column":47}},"30":{"start":{"line":103,"column":20},"end":{"line":120,"column":2}},"31":{"start":{"line":104,"column":35},"end":{"line":104,"column":49}},"32":{"start":{"line":105,"column":15},"end":{"line":105,"column":62}},"33":{"start":{"line":107,"column":2},"end":{"line":109,"column":3}},"34":{"start":{"line":108,"column":4},"end":{"line":108,"column":15}},"35":{"start":{"line":111,"column":2},"end":{"line":119,"column":4}},"36":{"start":{"line":121,"column":0},"end":{"line":121,"column":39}}},"fnMap":{"0":{"name":"(anonymous_0)","decl":{"start":{"line":11,"column":18},"end":{"line":11,"column":19}},"loc":{"start":{"line":15,"column":5},"end":{"line":21,"column":1}},"line":15},"1":{"name":"(anonymous_1)","decl":{"start":{"line":23,"column":21},"end":{"line":23,"column":22}},"loc":{"start":{"line":23,"column":27},"end":{"line":44,"column":1}},"line":23},"2":{"name":"(anonymous_2)","decl":{"start":{"line":48,"column":34},"end":{"line":48,"column":35}},"loc":{"start":{"line":48,"column":68},"end":{"line":56,"column":1}},"line":48},"3":{"name":"(anonymous_3)","decl":{"start":{"line":59,"column":35},"end":{"line":59,"column":36}},"loc":{"start":{"line":59,"column":69},"end":{"line":69,"column":1}},"line":59},"4":{"name":"(anonymous_4)","decl":{"start":{"line":72,"column":37},"end":{"line":72,"column":38}},"loc":{"start":{"line":72,"column":60},"end":{"line":87,"column":1}},"line":72},"5":{"name":"(anonymous_5)","decl":{"start":{"line":90,"column":41},"end":{"line":90,"column":42}},"loc":{"start":{"line":90,"column":75},"end":{"line":100,"column":1}},"line":90},"6":{"name":"(anonymous_6)","decl":{"start":{"line":103,"column":37},"end":{"line":103,"column":38}},"loc":{"start":{"line":103,"column":81},"end":{"line":120,"column":1}},"line":103}},"branchMap":{"0":{"loc":{"start":{"line":30,"column":2},"end":{"line":32,"column":3}},"type":"if","locations":[{"start":{"line":30,"column":2},"end":{"line":32,"column":3}},{"start":{},"end":{}}],"line":30},"1":{"loc":{"start":{"line":65,"column":20},"end":{"line":65,"column":47}},"type":"binary-expr","locations":[{"start":{"line":65,"column":20},"end":{"line":65,"column":25}},{"start":{"line":65,"column":29},"end":{"line":65,"column":47}}],"line":65},"2":{"loc":{"start":{"line":80,"column":8},"end":{"line":82,"column":51}},"type":"cond-expr","locations":[{"start":{"line":81,"column":12},"end":{"line":81,"column":34}},{"start":{"line":82,"column":12},"end":{"line":82,"column":51}}],"line":80},"3":{"loc":{"start":{"line":105,"column":15},"end":{"line":105,"column":62}},"type":"cond-expr","locations":[{"start":{"line":105,"column":23},"end":{"line":105,"column":51}},{"start":{"line":105,"column":54},"end":{"line":105,"column":62}}],"line":105},"4":{"loc":{"start":{"line":105,"column":30},"end":{"line":105,"column":50}},"type":"binary-expr","locations":[{"start":{"line":105,"column":30},"end":{"line":105,"column":44}},{"start":{"line":105,"column":48},"end":{"line":105,"column":50}}],"line":105},"5":{"loc":{"start":{"line":107,"column":2},"end":{"line":109,"column":3}},"type":"if","locations":[{"start":{"line":107,"column":2},"end":{"line":109,"column":3}},{"start":{},"end":{}}],"line":107}},"s":{"0":1,"1":1,"2":1,"3":10,"4":1,"5":40,"6":40,"7":40,"8":40,"9":40,"10":0,"11":40,"12":40,"13":1,"14":1,"15":10,"16":10,"17":1,"18":1,"19":10,"20":10,"21":1,"22":1,"23":10,"24":10,"25":1,"26":1,"27":10,"28":10,"29":1,"30":1,"31":10,"32":10,"33":10,"34":9,"35":1,"36":1},"f":{"0":10,"1":40,"2":10,"3":10,"4":10,"5":10,"6":10},"b":{"0":[0,40],"1":[10,1],"2":[9,1],"3":[1,9],"4":[1,0],"5":[9,1]},"_coverageSchema":"1a1c01bbd47fc00a2c39e90264f33305004495a9","hash":"e10bc8f1d661e7e39d95803478ece936f46db82f"}
,"/Users/katia/Documents/chingu/V54-tier3-team-36/client/src/components/ui/input/input.jsx": {"path":"/Users/katia/Documents/chingu/V54-tier3-team-36/client/src/components/ui/input/input.jsx","statementMap":{"0":{"start":{"line":4,"column":14},"end":{"line":15,"column":2}},"1":{"start":{"line":5,"column":2},"end":{"line":14,"column":4}},"2":{"start":{"line":16,"column":0},"end":{"line":16,"column":27}}},"fnMap":{"0":{"name":"(anonymous_0)","decl":{"start":{"line":4,"column":31},"end":{"line":4,"column":32}},"loc":{"start":{"line":4,"column":71},"end":{"line":15,"column":1}},"line":4}},"branchMap":{},"s":{"0":1,"1":5,"2":1},"f":{"0":5},"b":{},"_coverageSchema":"1a1c01bbd47fc00a2c39e90264f33305004495a9","hash":"64bc62f5fd5cba83ac4995f2bee5400bbe12cbfb"}
,"/Users/katia/Documents/chingu/V54-tier3-team-36/client/src/components/ui/label/label.jsx": {"path":"/Users/katia/Documents/chingu/V54-tier3-team-36/client/src/components/ui/label/label.jsx","statementMap":{"0":{"start":{"line":6,"column":22},"end":{"line":8,"column":1}},"1":{"start":{"line":10,"column":14},"end":{"line":12,"column":2}},"2":{"start":{"line":11,"column":2},"end":{"line":11,"column":89}},"3":{"start":{"line":13,"column":0},"end":{"line":13,"column":51}}},"fnMap":{"0":{"name":"(anonymous_0)","decl":{"start":{"line":10,"column":31},"end":{"line":10,"column":32}},"loc":{"start":{"line":11,"column":2},"end":{"line":11,"column":89}},"line":11}},"branchMap":{},"s":{"0":2,"1":2,"2":12,"3":2},"f":{"0":12},"b":{},"_coverageSchema":"1a1c01bbd47fc00a2c39e90264f33305004495a9","hash":"d75f01f924598c0b844519b697f48c074dd676b9"}
,"/Users/katia/Documents/chingu/V54-tier3-team-36/client/src/components/ui/select/select.jsx": {"path":"/Users/katia/Documents/chingu/V54-tier3-team-36/client/src/components/ui/select/select.jsx","statementMap":{"0":{"start":{"line":6,"column":15},"end":{"line":6,"column":35}},"1":{"start":{"line":8,"column":20},"end":{"line":8,"column":41}},"2":{"start":{"line":10,"column":20},"end":{"line":10,"column":41}},"3":{"start":{"line":12,"column":22},"end":{"line":25,"column":2}},"4":{"start":{"line":13,"column":2},"end":{"line":24,"column":28}},"5":{"start":{"line":26,"column":0},"end":{"line":26,"column":63}},"6":{"start":{"line":28,"column":29},"end":{"line":35,"column":2}},"7":{"start":{"line":29,"column":2},"end":{"line":34,"column":35}},"8":{"start":{"line":36,"column":0},"end":{"line":36,"column":77}},"9":{"start":{"line":38,"column":31},"end":{"line":45,"column":2}},"10":{"start":{"line":39,"column":2},"end":{"line":44,"column":37}},"11":{"start":{"line":46,"column":0},"end":{"line":47,"column":46}},"12":{"start":{"line":49,"column":22},"end":{"line":70,"column":2}},"13":{"start":{"line":50,"column":2},"end":{"line":69,"column":27}},"14":{"start":{"line":71,"column":0},"end":{"line":71,"column":63}},"15":{"start":{"line":73,"column":20},"end":{"line":78,"column":2}},"16":{"start":{"line":74,"column":2},"end":{"line":77,"column":17}},"17":{"start":{"line":79,"column":0},"end":{"line":79,"column":59}},"18":{"start":{"line":81,"column":19},"end":{"line":96,"column":2}},"19":{"start":{"line":82,"column":2},"end":{"line":95,"column":25}},"20":{"start":{"line":97,"column":0},"end":{"line":97,"column":57}},"21":{"start":{"line":99,"column":24},"end":{"line":104,"column":2}},"22":{"start":{"line":100,"column":2},"end":{"line":103,"column":17}},"23":{"start":{"line":105,"column":0},"end":{"line":105,"column":67}}},"fnMap":{"0":{"name":"(anonymous_0)","decl":{"start":{"line":12,"column":39},"end":{"line":12,"column":40}},"loc":{"start":{"line":13,"column":2},"end":{"line":24,"column":28}},"line":13},"1":{"name":"(anonymous_1)","decl":{"start":{"line":28,"column":46},"end":{"line":28,"column":47}},"loc":{"start":{"line":29,"column":2},"end":{"line":34,"column":35}},"line":29},"2":{"name":"(anonymous_2)","decl":{"start":{"line":38,"column":48},"end":{"line":38,"column":49}},"loc":{"start":{"line":39,"column":2},"end":{"line":44,"column":37}},"line":39},"3":{"name":"(anonymous_3)","decl":{"start":{"line":49,"column":39},"end":{"line":49,"column":40}},"loc":{"start":{"line":50,"column":2},"end":{"line":69,"column":27}},"line":50},"4":{"name":"(anonymous_4)","decl":{"start":{"line":73,"column":37},"end":{"line":73,"column":38}},"loc":{"start":{"line":74,"column":2},"end":{"line":77,"column":17}},"line":74},"5":{"name":"(anonymous_5)","decl":{"start":{"line":81,"column":36},"end":{"line":81,"column":37}},"loc":{"start":{"line":82,"column":2},"end":{"line":95,"column":25}},"line":82},"6":{"name":"(anonymous_6)","decl":{"start":{"line":99,"column":41},"end":{"line":99,"column":42}},"loc":{"start":{"line":100,"column":2},"end":{"line":103,"column":17}},"line":100}},"branchMap":{"0":{"loc":{"start":{"line":49,"column":63},"end":{"line":49,"column":82}},"type":"default-arg","locations":[{"start":{"line":49,"column":74},"end":{"line":49,"column":82}}],"line":49},"1":{"loc":{"start":{"line":55,"column":8},"end":{"line":56,"column":137}},"type":"binary-expr","locations":[{"start":{"line":55,"column":8},"end":{"line":55,"column":29}},{"start":{"line":56,"column":8},"end":{"line":56,"column":137}}],"line":55},"2":{"loc":{"start":{"line":63,"column":29},"end":{"line":64,"column":99}},"type":"binary-expr","locations":[{"start":{"line":63,"column":29},"end":{"line":63,"column":50}},{"start":{"line":64,"column":10},"end":{"line":64,"column":99}}],"line":63}},"s":{"0":1,"1":1,"2":1,"3":1,"4":3,"5":1,"6":1,"7":7,"8":1,"9":1,"10":7,"11":1,"12":1,"13":3,"14":1,"15":1,"16":0,"17":1,"18":1,"19":14,"20":1,"21":1,"22":0,"23":1},"f":{"0":3,"1":7,"2":7,"3":3,"4":0,"5":14,"6":0},"b":{"0":[3],"1":[3,3],"2":[3,3]},"_coverageSchema":"1a1c01bbd47fc00a2c39e90264f33305004495a9","hash":"1382fbf87dd6c5f50c4acb223902f4de07c2516f"}
,"/Users/katia/Documents/chingu/V54-tier3-team-36/client/src/components/ui/toast/toast.jsx": {"path":"/Users/katia/Documents/chingu/V54-tier3-team-36/client/src/components/ui/toast/toast.jsx","statementMap":{"0":{"start":{"line":7,"column":22},"end":{"line":7,"column":46}},"1":{"start":{"line":9,"column":22},"end":{"line":20,"column":2}},"2":{"start":{"line":10,"column":2},"end":{"line":19,"column":29}},"3":{"start":{"line":21,"column":0},"end":{"line":21,"column":64}},"4":{"start":{"line":23,"column":22},"end":{"line":37,"column":1}},"5":{"start":{"line":39,"column":14},"end":{"line":50,"column":2}},"6":{"start":{"line":40,"column":2},"end":{"line":49,"column":4}},"7":{"start":{"line":51,"column":0},"end":{"line":51,"column":52}},"8":{"start":{"line":53,"column":20},"end":{"line":61,"column":2}},"9":{"start":{"line":54,"column":2},"end":{"line":60,"column":17}},"10":{"start":{"line":62,"column":0},"end":{"line":62,"column":60}},"11":{"start":{"line":64,"column":19},"end":{"line":76,"column":2}},"12":{"start":{"line":65,"column":2},"end":{"line":75,"column":26}},"13":{"start":{"line":77,"column":0},"end":{"line":77,"column":58}},"14":{"start":{"line":79,"column":19},"end":{"line":84,"column":2}},"15":{"start":{"line":80,"column":2},"end":{"line":83,"column":17}},"16":{"start":{"line":85,"column":0},"end":{"line":85,"column":58}},"17":{"start":{"line":87,"column":25},"end":{"line":89,"column":2}},"18":{"start":{"line":88,"column":2},"end":{"line":88,"column":102}},"19":{"start":{"line":90,"column":0},"end":{"line":90,"column":70}}},"fnMap":{"0":{"name":"(anonymous_0)","decl":{"start":{"line":9,"column":39},"end":{"line":9,"column":40}},"loc":{"start":{"line":10,"column":2},"end":{"line":19,"column":29}},"line":10},"1":{"name":"(anonymous_1)","decl":{"start":{"line":39,"column":31},"end":{"line":39,"column":32}},"loc":{"start":{"line":39,"column":74},"end":{"line":50,"column":1}},"line":39},"2":{"name":"(anonymous_2)","decl":{"start":{"line":53,"column":37},"end":{"line":53,"column":38}},"loc":{"start":{"line":54,"column":2},"end":{"line":60,"column":17}},"line":54},"3":{"name":"(anonymous_3)","decl":{"start":{"line":64,"column":36},"end":{"line":64,"column":37}},"loc":{"start":{"line":65,"column":2},"end":{"line":75,"column":26}},"line":65},"4":{"name":"(anonymous_4)","decl":{"start":{"line":79,"column":36},"end":{"line":79,"column":37}},"loc":{"start":{"line":80,"column":2},"end":{"line":83,"column":17}},"line":80},"5":{"name":"(anonymous_5)","decl":{"start":{"line":87,"column":42},"end":{"line":87,"column":43}},"loc":{"start":{"line":88,"column":2},"end":{"line":88,"column":102}},"line":88}},"branchMap":{},"s":{"0":2,"1":2,"2":6,"3":2,"4":2,"5":2,"6":5,"7":2,"8":2,"9":0,"10":2,"11":2,"12":5,"13":2,"14":2,"15":5,"16":2,"17":2,"18":5,"19":2},"f":{"0":6,"1":5,"2":0,"3":5,"4":5,"5":5},"b":{},"_coverageSchema":"1a1c01bbd47fc00a2c39e90264f33305004495a9","hash":"e5afabb8cc7d090d9a72a8e88b04511b930890a7"}
,"/Users/katia/Documents/chingu/V54-tier3-team-36/client/src/components/ui/toaster/toaster.jsx": {"path":"/Users/katia/Documents/chingu/V54-tier3-team-36/client/src/components/ui/toaster/toaster.jsx","statementMap":{"0":{"start":{"line":13,"column":21},"end":{"line":13,"column":31}},"1":{"start":{"line":15,"column":2},"end":{"line":33,"column":4}},"2":{"start":{"line":18,"column":8},"end":{"line":29,"column":10}}},"fnMap":{"0":{"name":"Toaster","decl":{"start":{"line":12,"column":16},"end":{"line":12,"column":23}},"loc":{"start":{"line":12,"column":26},"end":{"line":34,"column":1}},"line":12},"1":{"name":"(anonymous_1)","decl":{"start":{"line":17,"column":18},"end":{"line":17,"column":19}},"loc":{"start":{"line":17,"column":74},"end":{"line":30,"column":7}},"line":17}},"branchMap":{"0":{"loc":{"start":{"line":21,"column":15},"end":{"line":21,"column":56}},"type":"binary-expr","locations":[{"start":{"line":21,"column":15},"end":{"line":21,"column":20}},{"start":{"line":21,"column":24},"end":{"line":21,"column":56}}],"line":21},"1":{"loc":{"start":{"line":22,"column":15},"end":{"line":24,"column":15}},"type":"binary-expr","locations":[{"start":{"line":22,"column":15},"end":{"line":22,"column":26}},{"start":{"line":23,"column":16},"end":{"line":23,"column":66}}],"line":22}},"s":{"0":4,"1":4,"2":3},"f":{"0":4,"1":3},"b":{"0":[3,3],"1":[3,3]},"_coverageSchema":"1a1c01bbd47fc00a2c39e90264f33305004495a9","hash":"b53c9a7dab821b5d6dd63dce974ea747e271cfda"}
,"/Users/katia/Documents/chingu/V54-tier3-team-36/client/src/lib/utils.js": {"path":"/Users/katia/Documents/chingu/V54-tier3-team-36/client/src/lib/utils.js","statementMap":{"0":{"start":{"line":5,"column":2},"end":{"line":5,"column":31}}},"fnMap":{"0":{"name":"cn","decl":{"start":{"line":4,"column":16},"end":{"line":4,"column":18}},"loc":{"start":{"line":4,"column":30},"end":{"line":6,"column":1}},"line":4}},"branchMap":{},"s":{"0":119},"f":{"0":119},"b":{},"_coverageSchema":"1a1c01bbd47fc00a2c39e90264f33305004495a9","hash":"9b5fb0d8898502394f78b3fe38d6d880e897749f"}
}
