{"/Users/katia/Documents/chingu/V54-tier3-team-36/client/src/components/ui/checkbox/checkbox.jsx": {"path":"/Users/katia/Documents/chingu/V54-tier3-team-36/client/src/components/ui/checkbox/checkbox.jsx","statementMap":{"0":{"start":{"line":6,"column":17},"end":{"line":18,"column":2}},"1":{"start":{"line":7,"column":4},"end":{"line":17,"column":29}},"2":{"start":{"line":19,"column":0},"end":{"line":19,"column":57}}},"fnMap":{"0":{"name":"(anonymous_0)","decl":{"start":{"line":6,"column":34},"end":{"line":6,"column":35}},"loc":{"start":{"line":7,"column":4},"end":{"line":17,"column":29}},"line":7}},"branchMap":{},"s":{"0":1,"1":2,"2":1},"f":{"0":2},"b":{},"_coverageSchema":"1a1c01bbd47fc00a2c39e90264f33305004495a9","hash":"0dcbda0df5b447440edc3570d424edc0c934ff44"}
,"/Users/katia/Documents/chingu/V54-tier3-team-36/client/src/components/ui/label/label.jsx": {"path":"/Users/katia/Documents/chingu/V54-tier3-team-36/client/src/components/ui/label/label.jsx","statementMap":{"0":{"start":{"line":6,"column":22},"end":{"line":8,"column":1}},"1":{"start":{"line":10,"column":14},"end":{"line":12,"column":2}},"2":{"start":{"line":11,"column":2},"end":{"line":11,"column":89}},"3":{"start":{"line":13,"column":0},"end":{"line":13,"column":51}}},"fnMap":{"0":{"name":"(anonymous_0)","decl":{"start":{"line":10,"column":31},"end":{"line":10,"column":32}},"loc":{"start":{"line":11,"column":2},"end":{"line":11,"column":89}},"line":11}},"branchMap":{},"s":{"0":1,"1":1,"2":2,"3":1},"f":{"0":2},"b":{},"_coverageSchema":"1a1c01bbd47fc00a2c39e90264f33305004495a9","hash":"d75f01f924598c0b844519b697f48c074dd676b9"}
,"/Users/katia/Documents/chingu/V54-tier3-team-36/client/src/lib/utils.js": {"path":"/Users/katia/Documents/chingu/V54-tier3-team-36/client/src/lib/utils.js","statementMap":{"0":{"start":{"line":5,"column":2},"end":{"line":5,"column":31}}},"fnMap":{"0":{"name":"cn","decl":{"start":{"line":4,"column":16},"end":{"line":4,"column":18}},"loc":{"start":{"line":4,"column":30},"end":{"line":6,"column":1}},"line":4}},"branchMap":{},"s":{"0":6},"f":{"0":6},"b":{},"_coverageSchema":"1a1c01bbd47fc00a2c39e90264f33305004495a9","hash":"9b5fb0d8898502394f78b3fe38d6d880e897749f"}
}
