TN:
SF:src/components/ui/button/button.jsx
FN:36,(anonymous_0)
FNF:1
FNH:1
FNDA:4,(anonymous_0)
DA:6,1
DA:36,1
DA:37,4
DA:38,4
DA:45,1
LF:5
LH:5
BRDA:36,0,0,4
BRDA:37,1,0,0
BRDA:37,1,1,4
BRF:3
BRH:2
end_of_record
TN:
SF:src/components/ui/checkbox/checkbox.jsx
FN:6,(anonymous_0)
FNF:1
FNH:1
FNDA:2,(anonymous_0)
DA:6,1
DA:7,2
DA:19,1
LF:3
LH:3
BRF:0
BRH:0
end_of_record
TN:
SF:src/components/ui/form/form.jsx
FN:11,(anonymous_0)
FN:23,(anonymous_1)
FN:48,(anonymous_2)
FN:59,(anonymous_3)
FN:72,(anonymous_4)
FN:90,(anonymous_5)
FN:103,(anonymous_6)
FNF:7
FNH:7
FNDA:10,(anonymous_0)
FNDA:40,(anonymous_1)
FNDA:10,(anonymous_2)
FNDA:10,(anonymous_3)
FNDA:10,(anonymous_4)
FNDA:10,(anonymous_5)
FNDA:10,(anonymous_6)
DA:7,1
DA:9,1
DA:11,1
DA:16,10
DA:23,1
DA:24,40
DA:25,40
DA:26,40
DA:28,40
DA:30,40
DA:31,0
DA:34,40
DA:36,40
DA:46,1
DA:48,1
DA:49,10
DA:51,10
DA:57,1
DA:59,1
DA:60,10
DA:62,10
DA:70,1
DA:72,1
DA:73,10
DA:75,10
DA:88,1
DA:90,1
DA:91,10
DA:93,10
DA:101,1
DA:103,1
DA:104,10
DA:105,10
DA:107,10
DA:108,9
DA:111,1
DA:121,1
LF:37
LH:36
BRDA:30,0,0,0
BRDA:30,0,1,40
BRDA:65,1,0,10
BRDA:65,1,1,1
BRDA:80,2,0,9
BRDA:80,2,1,1
BRDA:105,3,0,1
BRDA:105,3,1,9
BRDA:105,4,0,1
BRDA:105,4,1,0
BRDA:107,5,0,9
BRDA:107,5,1,1
BRF:12
BRH:10
end_of_record
TN:
SF:src/components/ui/input/input.jsx
FN:4,(anonymous_0)
FNF:1
FNH:1
FNDA:5,(anonymous_0)
DA:4,1
DA:5,5
DA:16,1
LF:3
LH:3
BRF:0
BRH:0
end_of_record
TN:
SF:src/components/ui/label/label.jsx
FN:10,(anonymous_0)
FNF:1
FNH:1
FNDA:12,(anonymous_0)
DA:6,2
DA:10,2
DA:11,12
DA:13,2
LF:4
LH:4
BRF:0
BRH:0
end_of_record
TN:
SF:src/components/ui/select/select.jsx
FN:12,(anonymous_0)
FN:28,(anonymous_1)
FN:38,(anonymous_2)
FN:49,(anonymous_3)
FN:73,(anonymous_4)
FN:81,(anonymous_5)
FN:99,(anonymous_6)
FNF:7
FNH:5
FNDA:3,(anonymous_0)
FNDA:7,(anonymous_1)
FNDA:7,(anonymous_2)
FNDA:3,(anonymous_3)
FNDA:0,(anonymous_4)
FNDA:14,(anonymous_5)
FNDA:0,(anonymous_6)
DA:6,1
DA:8,1
DA:10,1
DA:12,1
DA:13,3
DA:26,1
DA:28,1
DA:29,7
DA:36,1
DA:38,1
DA:39,7
DA:46,1
DA:49,1
DA:50,3
DA:71,1
DA:73,1
DA:74,0
DA:79,1
DA:81,1
DA:82,14
DA:97,1
DA:99,1
DA:100,0
DA:105,1
LF:24
LH:22
BRDA:49,0,0,3
BRDA:55,1,0,3
BRDA:55,1,1,3
BRDA:63,2,0,3
BRDA:63,2,1,3
BRF:5
BRH:5
end_of_record
TN:
SF:src/lib/utils.js
FN:4,cn
FNF:1
FNH:1
FNDA:93,cn
DA:5,93
LF:1
LH:1
BRF:0
BRH:0
end_of_record
